2020-08-01 18:45:18,235:DEBUG: on_ready has successfully been registered as an event
2020-08-01 18:45:18,235:DEBUG: on_guild_join has successfully been registered as an event
2020-08-01 18:45:18,235:DEBUG: on_giuld_remove has successfully been registered as an event
2020-08-01 18:45:18,235:INFO: logging in using static token
2020-08-01 18:45:18,777:DEBUG: GET https://discordapp.com/api/v7/users/@me with None has returned 200
2020-08-01 18:45:18,777:DEBUG: GET https://discordapp.com/api/v7/users/@me has received {'id': '729957701240750140', 'username': 'Holo', 'avatar': None, 'discriminator': '6935', 'public_flags': 0, 'flags': 0, 'bot': True, 'email': None, 'verified': True, 'locale': 'en-US', 'mfa_enabled': True}
2020-08-01 18:45:18,817:DEBUG: GET https://discordapp.com/api/v7/gateway with None has returned 200
2020-08-01 18:45:18,817:DEBUG: GET https://discordapp.com/api/v7/gateway has received {'url': 'wss://gateway.discord.gg'}
2020-08-01 18:45:19,316:INFO: Created websocket connected to wss://gateway.discord.gg?encoding=json&v=6&compress=zlib-stream
2020-08-01 18:45:19,317:DEBUG: Dispatching event socket_raw_receive
2020-08-01 18:45:19,317:DEBUG: For Shard ID None: WebSocket Event: {'t': None, 's': None, 'op': 10, 'd': {'heartbeat_interval': 41250, '_trace': ['["gateway-prd-main-fffg",{"micros":0.0}]']}}
2020-08-01 18:45:19,318:DEBUG: Dispatching event socket_response
2020-08-01 18:45:19,318:DEBUG: Dispatching event socket_raw_send
2020-08-01 18:45:19,325:DEBUG: Dispatching event socket_raw_send
2020-08-01 18:45:19,325:INFO: Shard ID None has sent the IDENTIFY payload.
2020-08-01 18:45:19,521:DEBUG: Dispatching event socket_raw_receive
2020-08-01 18:45:19,521:DEBUG: For Shard ID None: WebSocket Event: {'t': None, 's': None, 'op': 11, 'd': None}
2020-08-01 18:45:19,521:DEBUG: Dispatching event socket_response
2020-08-01 18:45:19,740:DEBUG: Dispatching event socket_raw_receive
2020-08-01 18:45:19,740:DEBUG: For Shard ID None: WebSocket Event: {'t': 'READY', 's': 1, 'op': 0, 'd': {'v': 6, 'user_settings': {}, 'user': {'verified': True, 'username': 'Holo', 'mfa_enabled': True, 'id': '729957701240750140', 'flags': 0, 'email': None, 'discriminator': '6935', 'bot': True, 'avatar': None}, 'session_id': 'd6efe5d75aadeaa52d523d4d4363df0c', 'relationships': [], 'private_channels': [], 'presences': [], 'guilds': [], 'application': {'id': '729957701240750140', 'flags': 0}, '_trace': ['["gateway-prd-main-fffg",{"micros":60068,"calls":["discord-sessions-prd-1-72",{"micros":51405,"calls":["start_session",{"micros":48098,"calls":["api-prd-main-s5n5",{"micros":42968,"calls":["get_user",{"micros":5021},"add_authorized_ip",{"micros":3087},"get_guilds",{"micros":1612},"coros_wait",{"micros":1}]}]},"guilds_connect",{"micros":1,"calls":[]},"presence_connect",{"micros":2860,"calls":[]}]}]}]']}}
2020-08-01 18:45:19,740:DEBUG: Dispatching event socket_response
2020-08-01 18:45:19,740:INFO: Shard ID None has connected to Gateway: ["gateway-prd-main-fffg",{"micros":60068,"calls":["discord-sessions-prd-1-72",{"micros":51405,"calls":["start_session",{"micros":48098,"calls":["api-prd-main-s5n5",{"micros":42968,"calls":["get_user",{"micros":5021},"add_authorized_ip",{"micros":3087},"get_guilds",{"micros":1612},"coros_wait",{"micros":1}]}]},"guilds_connect",{"micros":1,"calls":[]},"presence_connect",{"micros":2860,"calls":[]}]}]}] (Session ID: d6efe5d75aadeaa52d523d4d4363df0c).
2020-08-01 18:45:19,780:DEBUG: Dispatching event connect
2020-08-01 18:45:21,788:DEBUG: Dispatching event ready
2020-08-01 18:45:21,788:DEBUG: Sending "{"op":3,"d":{"game":{"type":0,"name":"\u041c\u043e\u0434\u0435\u0440\u043d\u0438\u0437\u0438\u0440\u0443\u0435\u0442 \u0441\u0432\u043e\u0439 \u043a\u043e\u0434","timestamps":{}},"afk":false,"since":0.0,"status":"online"}}" to change status
2020-08-01 18:45:21,788:DEBUG: Dispatching event socket_raw_send
2020-08-01 18:45:36,808:DEBUG: Sending "{"op":3,"d":{"game":{"type":0,"name":"\u041c\u043e\u0434\u0435\u0440\u043d\u0438\u0437\u0438\u0440\u0443\u0435\u0442 \u0441\u0432\u043e\u0439 \u043a\u043e\u0434","timestamps":{}},"afk":false,"since":0.0,"status":"online"}}" to change status
2020-08-01 18:45:36,808:DEBUG: Dispatching event socket_raw_send
2020-08-01 18:45:51,794:DEBUG: Dispatching event socket_raw_receive
2020-08-01 18:45:51,795:DEBUG: For Shard ID None: WebSocket Event: {'t': 'GUILD_CREATE', 's': 2, 'op': 0, 'd': {'owner_id': '399851432221868033', 'region': 'russia', 'member_count': 4, 'vanity_url_code': None, 'afk_timeout': 300, 'rules_channel_id': None, 'presences': [{'user': {'id': '399851432221868033'}, 'status': 'online', 'game': {'type': 4, 'state': 'The meaning of life Neko Chan...', 'name': 'Custom Status', 'id': 'custom', 'emoji': {'name': 'HoloDrunk', 'id': '675955171674554379', 'animated': False}, 'created_at': 1596290451698}, 'client_status': {'desktop': 'online'}, 'activities': [{'type': 4, 'state': 'The meaning of life Neko Chan...', 'name': 'Custom Status', 'id': 'custom', 'emoji': {'name': 'HoloDrunk', 'id': '675955171674554379', 'animated': False}, 'created_at': 1596290451698}, {'type': 0, 'timestamps': {'start': 1596296451060}, 'state': 'Editing Bot.py', 'party': {'id': '1.4.2'}, 'name': 'PyCharm Community', 'id': '48f0519fe2136b5a', 'details': 'holo_bot', 'created_at': 1596296671047, 'assets': {'small_text': '2020.2', 'small_image': '627852607318261781', 'large_text': 'Python', 'large_image': '573257832871362580'}, 'application_id': '547843314586746880'}]}, {'user': {'id': '656554980114694144'}, 'status': 'idle', 'game': {'type': 0, 'name': 'Всего серверов: 14', 'id': 'ec0b28a579ecb4bd', 'created_at': 1596296751629}, 'client_status': {'web': 'idle'}, 'activities': [{'type': 0, 'name': 'Всего серверов: 14', 'id': 'ec0b28a579ecb4bd', 'created_at': 1596296751629}]}, {'user': {'id': '729957701240750140'}, 'status': 'online', 'game': {'type': 0, 'name': 'Модернизирует свой код', 'id': 'ec0b28a579ecb4bd', 'created_at': 1596296724502}, 'client_status': {'web': 'online'}, 'activities': [{'type': 0, 'name': 'Модернизирует свой код', 'id': 'ec0b28a579ecb4bd', 'created_at': 1596296724502}]}], 'guild_hashes': {'version': 1, 'roles': {'omitted': False, 'hash': '2/yWh+wck10'}, 'metadata': {'omitted': False, 'hash': '3ULSl6rsfMQ'}, 'channels': {'omitted': False, 'hash': '1hRpo5jQ10A'}}, 'verification_level': 0, 'features': [], 'public_updates_channel_id': None, 'banner': None, 'name': "xzartsust's server", 'members': [{'user': {'username': 'xzartsust', 'public_flags': 256, 'id': '399851432221868033', 'discriminator': '2525', 'avatar': 'a_729e3b01d4c7aa28c78b2e70c4022a46'}, 'roles': ['732625122573287514'], 'premium_since': None, 'nick': None, 'mute': False, 'joined_at': '2020-07-14T15:45:31.213000+00:00', 'hoisted_role': None, 'deaf': False}, {'user': {'username': '『krazy』', 'public_flags': 256, 'id': '427196190057037824', 'discriminator': '6254', 'avatar': '2cdab324e4767427e1437bae335e687b'}, 'roles': ['732625122573287514'], 'premium_since': None, 'nick': None, 'mute': False, 'joined_at': '2020-07-29T12:14:19.595614+00:00', 'hoisted_role': None, 'deaf': False}, {'user': {'username': 'WolfBot', 'id': '656554980114694144', 'discriminator': '1750', 'bot': True, 'avatar': 'a8c12fc59fb0df9423017c7bb5c25383'}, 'roles': ['732625122573287514', '734694147025403904'], 'premium_since': None, 'nick': None, 'mute': False, 'joined_at': '2020-07-20T08:52:14.651419+00:00', 'hoisted_role': None, 'deaf': False}, {'user': {'username': 'Holo', 'id': '729957701240750140', 'discriminator': '6935', 'bot': True, 'avatar': None}, 'roles': ['739146902762946590'], 'premium_since': None, 'nick': None, 'mute': False, 'joined_at': '2020-08-01T15:45:54.317813+00:00', 'hoisted_role': None, 'deaf': False}], 'discovery_splash': None, 'large': False, 'icon': 'cad77d8fa01d0019c2faf90ddef1d2ed', 'roles': [{'position': 0, 'permissions_new': '104320577', 'permissions': 104320577, 'name': '@everyone', 'mentionable': False, 'managed': False, 'id': '732623824293724221', 'hoist': False, 'color': 0}, {'position': 7, 'permissions_new': '2146959359', 'permissions': 2146959359, 'name': 'Тестер', 'mentionable': True, 'managed': False, 'id': '732625122573287514', 'hoist': False, 'color': 15844367}, {'position': 5, 'permissions_new': '100860929', 'permissions': 100860929, 'name': 'MUTE', 'mentionable': False, 'managed': False, 'id': '732627881867477094', 'hoist': False, 'color': 9936031}, {'position': 4, 'permissions_new': '104320577', 'permissions': 104320577, 'name': 'new role', 'mentionable': False, 'managed': False, 'id': '733588539488600086', 'hoist': False, 'color': 3066993}, {'position': 3, 'permissions_new': '116903489', 'permissions': 116903489, 'name': 'new role', 'mentionable': False, 'managed': False, 'id': '733588544353992807', 'hoist': False, 'color': 3447003}, {'tags': {'bot_id': '656554980114694144'}, 'position': 2, 'permissions_new': '8', 'permissions': 8, 'name': 'WolfBot', 'mentionable': False, 'managed': True, 'id': '734694147025403904', 'hoist': False, 'color': 0}, {'position': 1, 'permissions_new': '0', 'permissions': 0, 'name': 'muted', 'mentionable': False, 'managed': False, 'id': '734825027295510538', 'hoist': False, 'color': 0}, {'tags': {'bot_id': '729957701240750140'}, 'position': 1, 'permissions_new': '8', 'permissions': 8, 'name': 'Holo', 'mentionable': False, 'managed': True, 'id': '739146902762946590', 'hoist': False, 'color': 0}], 'explicit_content_filter': 0, 'max_video_channel_users': 25, 'channels': [{'type': 4, 'position': 0, 'permission_overwrites': [{'type': 'role', 'id': '734825027295510538', 'deny_new': '2112', 'deny': 2112, 'allow_new': '0', 'allow': 0}], 'parent_id': None, 'nsfw': False, 'name': 'Текстові канали', 'id': '732623824293724223'}, {'type': 4, 'position': 0, 'permission_overwrites': [{'type': 'role', 'id': '734825027295510538', 'deny_new': '2112', 'deny': 2112, 'allow_new': '0', 'allow': 0}], 'parent_id': None, 'nsfw': False, 'name': 'Голосові канали', 'id': '732623824293724224'}, {'type': 0, 'topic': None, 'rate_limit_per_user': 0, 'position': 0, 'permission_overwrites': [{'type': 'role', 'id': '734825027295510538', 'deny_new': '2112', 'deny': 2112, 'allow_new': '0', 'allow': 0}], 'parent_id': '732623824293724223', 'nsfw': False, 'name': 'загальний', 'last_message_id': '739145063652655175', 'id': '732623824293724225'}, {'user_limit': 0, 'type': 2, 'position': 0, 'permission_overwrites': [{'type': 'role', 'id': '734825027295510538', 'deny_new': '2112', 'deny': 2112, 'allow_new': '0', 'allow': 0}], 'parent_id': '732623824293724224', 'nsfw': False, 'name': 'Загальний', 'id': '732623824293724226', 'bitrate': 64000}, {'type': 0, 'topic': None, 'rate_limit_per_user': 0, 'position': 1, 'permission_overwrites': [{'type': 'role', 'id': '734825027295510538', 'deny_new': '2112', 'deny': 2112, 'allow_new': '0', 'allow': 0}], 'parent_id': '732623824293724223', 'nsfw': False, 'name': 'j', 'last_message_id': '738637174391570483', 'id': '735743791889383444'}], 'premium_subscription_count': 0, 'joined_at': '2020-08-01T15:45:54.317813+00:00', 'application_id': None, 'system_channel_id': '732623824293724225', 'premium_tier': 0, 'emojis': [], 'lazy': True, 'system_channel_flags': 0, 'mfa_level': 0, 'voice_states': [], 'default_message_notifications': 0, 'description': None, 'splash': None, 'afk_channel_id': None, 'id': '732623824293724221', 'preferred_locale': 'en-US'}}
2020-08-01 18:45:51,817:DEBUG: Dispatching event socket_response
2020-08-01 18:45:51,817:DEBUG: Dispatching event guild_join
2020-08-01 18:45:51,817:DEBUG: Dispatching event socket_raw_receive
2020-08-01 18:45:51,817:DEBUG: For Shard ID None: WebSocket Event: {'t': 'GUILD_MEMBER_UPDATE', 's': 3, 'op': 0, 'd': {'user': {'username': 'Holo', 'id': '729957701240750140', 'discriminator': '6935', 'bot': True, 'avatar': None}, 'roles': ['739146902762946590'], 'premium_since': None, 'nick': None, 'mute': False, 'joined_at': '2020-08-01T15:45:54.317813+00:00', 'hoisted_role': None, 'guild_id': '732623824293724221', 'deaf': False}}
2020-08-01 18:45:51,817:DEBUG: Dispatching event socket_response
2020-08-01 18:45:51,821:DEBUG: Dispatching event member_update
2020-08-01 18:45:51,825:DEBUG: Sending "{"op":3,"d":{"game":{"type":0,"name":"\u041c\u043e\u0434\u0435\u0440\u043d\u0438\u0437\u0438\u0440\u0443\u0435\u0442 \u0441\u0432\u043e\u0439 \u043a\u043e\u0434","timestamps":{}},"afk":false,"since":0.0,"status":"online"}}" to change status
2020-08-01 18:45:51,825:DEBUG: Dispatching event socket_raw_send
2020-08-01 18:46:00,581:DEBUG: Keeping websocket alive with sequence 3.
2020-08-01 18:46:00,581:DEBUG: Dispatching event socket_raw_send
2020-08-01 18:46:00,789:DEBUG: Dispatching event socket_raw_receive
2020-08-01 18:46:00,789:DEBUG: For Shard ID None: WebSocket Event: {'t': None, 's': None, 'op': 11, 'd': None}
2020-08-01 18:46:00,789:DEBUG: Dispatching event socket_response
2020-08-01 18:46:03,722:DEBUG: Dispatching event socket_raw_receive
2020-08-01 18:46:03,722:DEBUG: For Shard ID None: WebSocket Event: {'t': 'PRESENCE_UPDATE', 's': 4, 'op': 0, 'd': {'user': {'id': '399851432221868033'}, 'status': 'online', 'roles': ['732625122573287514'], 'premium_since': None, 'nick': None, 'guild_id': '732623824293724221', 'game': {'type': 4, 'state': 'The meaning of life Neko Chan...', 'name': 'Custom Status', 'id': 'custom', 'emoji': {'name': 'HoloDrunk', 'id': '675955171674554379', 'animated': False}, 'created_at': 1596290451698}, 'client_status': {'desktop': 'online'}, 'activities': [{'type': 4, 'state': 'The meaning of life Neko Chan...', 'name': 'Custom Status', 'id': 'custom', 'emoji': {'name': 'HoloDrunk', 'id': '675955171674554379', 'animated': False}, 'created_at': 1596290451698}, {'type': 0, 'timestamps': {'start': 1596296451060}, 'state': 'Editing prefixserv.json', 'party': {'id': '1.4.2'}, 'name': 'PyCharm Community', 'id': '48f0519fe2136b5a', 'details': 'holo_bot', 'created_at': 1596296766149, 'assets': {'small_text': '2020.2', 'small_image': '627852607318261781', 'large_text': 'JSON', 'large_image': '573258145766309919'}, 'application_id': '547843314586746880'}]}}
2020-08-01 18:46:03,722:DEBUG: Dispatching event socket_response
2020-08-01 18:46:03,722:DEBUG: Dispatching event member_update
2020-08-01 18:46:04,088:DEBUG: Dispatching event socket_raw_receive
2020-08-01 18:46:04,092:DEBUG: For Shard ID None: WebSocket Event: {'t': 'PRESENCE_UPDATE', 's': 5, 'op': 0, 'd': {'user': {'id': '656554980114694144'}, 'status': 'idle', 'roles': ['732625122573287514', '734694147025403904'], 'premium_since': None, 'nick': None, 'guild_id': '732623824293724221', 'game': {'type': 0, 'name': 'Версия: 0.62.0 BETA', 'id': 'ec0b28a579ecb4bd', 'created_at': 1596296766628}, 'client_status': {'web': 'idle'}, 'activities': [{'type': 0, 'name': 'Версия: 0.62.0 BETA', 'id': 'ec0b28a579ecb4bd', 'created_at': 1596296766628}]}}
2020-08-01 18:46:04,092:DEBUG: Dispatching event socket_response
2020-08-01 18:46:04,092:DEBUG: Dispatching event member_update
2020-08-01 18:46:06,829:DEBUG: Sending "{"op":3,"d":{"game":{"type":0,"name":"\u041c\u043e\u0434\u0435\u0440\u043d\u0438\u0437\u0438\u0440\u0443\u0435\u0442 \u0441\u0432\u043e\u0439 \u043a\u043e\u0434","timestamps":{}},"afk":false,"since":0.0,"status":"online"}}" to change status
2020-08-01 18:46:06,829:DEBUG: Dispatching event socket_raw_send
2020-08-01 18:46:06,829:DEBUG: Dispatching event socket_raw_receive
2020-08-01 18:46:06,829:DEBUG: For Shard ID None: WebSocket Event: {'t': 'TYPING_START', 's': 6, 'op': 0, 'd': {'user_id': '399851432221868033', 'timestamp': 1596296769, 'member': {'user': {'username': 'xzartsust', 'public_flags': 256, 'id': '399851432221868033', 'discriminator': '2525', 'avatar': 'a_729e3b01d4c7aa28c78b2e70c4022a46'}, 'roles': ['732625122573287514'], 'premium_since': None, 'nick': None, 'mute': False, 'joined_at': '2020-07-14T15:45:31.213000+00:00', 'hoisted_role': None, 'deaf': False}, 'channel_id': '732623824293724225', 'guild_id': '732623824293724221'}}
2020-08-01 18:46:06,829:DEBUG: Dispatching event socket_response
2020-08-01 18:46:06,829:DEBUG: Dispatching event typing
2020-08-01 18:46:12,256:DEBUG: Dispatching event socket_raw_receive
2020-08-01 18:46:12,256:DEBUG: For Shard ID None: WebSocket Event: {'t': 'MESSAGE_CREATE', 's': 7, 'op': 0, 'd': {'type': 0, 'tts': False, 'timestamp': '2020-08-01T15:46:14.783000+00:00', 'pinned': False, 'nonce': '739146976762789888', 'mentions': [], 'mention_roles': [], 'mention_everyone': False, 'member': {'roles': ['732625122573287514'], 'premium_since': None, 'nick': None, 'mute': False, 'joined_at': '2020-07-14T15:45:31.213000+00:00', 'hoisted_role': None, 'deaf': False}, 'id': '739146988657836162', 'flags': 0, 'embeds': [], 'edited_timestamp': None, 'content': '.prefix /', 'channel_id': '732623824293724225', 'author': {'username': 'xzartsust', 'public_flags': 256, 'id': '399851432221868033', 'discriminator': '2525', 'avatar': 'a_729e3b01d4c7aa28c78b2e70c4022a46'}, 'attachments': [], 'guild_id': '732623824293724221'}}
2020-08-01 18:46:12,259:DEBUG: Dispatching event socket_response
2020-08-01 18:46:12,259:DEBUG: Dispatching event message
2020-08-01 18:46:12,259:DEBUG: Dispatching event command
2020-08-01 18:46:12,927:DEBUG: Dispatching event socket_raw_receive
2020-08-01 18:46:12,927:DEBUG: For Shard ID None: WebSocket Event: {'t': 'MESSAGE_CREATE', 's': 8, 'op': 0, 'd': {'type': 0, 'tts': False, 'timestamp': '2020-08-01T15:46:15.127000+00:00', 'pinned': False, 'mentions': [], 'mention_roles': [], 'mention_everyone': False, 'member': {'roles': ['739146902762946590'], 'premium_since': None, 'nick': None, 'mute': False, 'joined_at': '2020-08-01T15:45:54.317813+00:00', 'hoisted_role': None, 'deaf': False}, 'id': '739146990100676758', 'flags': 0, 'embeds': [], 'edited_timestamp': None, 'content': 'Префикс был изменен на /', 'channel_id': '732623824293724225', 'author': {'username': 'Holo', 'public_flags': 0, 'id': '729957701240750140', 'discriminator': '6935', 'bot': True, 'avatar': None}, 'attachments': [], 'guild_id': '732623824293724221'}}
2020-08-01 18:46:12,927:DEBUG: Dispatching event socket_response
2020-08-01 18:46:12,927:DEBUG: Dispatching event message
2020-08-01 18:46:12,943:DEBUG: POST https://discordapp.com/api/v7/channels/732623824293724225/messages with {"content":"\u041f\u0440\u0435\u0444\u0438\u043a\u0441 \u0431\u044b\u043b \u0438\u0437\u043c\u0435\u043d\u0435\u043d \u043d\u0430 /"} has returned 200
2020-08-01 18:46:12,943:DEBUG: POST https://discordapp.com/api/v7/channels/732623824293724225/messages has received {'id': '739146990100676758', 'type': 0, 'content': 'Префикс был изменен на /', 'channel_id': '732623824293724225', 'author': {'id': '729957701240750140', 'username': 'Holo', 'avatar': None, 'discriminator': '6935', 'public_flags': 0, 'bot': True}, 'attachments': [], 'embeds': [], 'mentions': [], 'mention_roles': [], 'pinned': False, 'mention_everyone': False, 'tts': False, 'timestamp': '2020-08-01T15:46:15.127000+00:00', 'edited_timestamp': None, 'flags': 0}
2020-08-01 18:46:12,943:DEBUG: Dispatching event command_completion
2020-08-01 18:46:18,402:DEBUG: Dispatching event socket_raw_receive
2020-08-01 18:46:18,403:DEBUG: For Shard ID None: WebSocket Event: {'t': 'TYPING_START', 's': 9, 'op': 0, 'd': {'user_id': '399851432221868033', 'timestamp': 1596296780, 'member': {'user': {'username': 'xzartsust', 'public_flags': 256, 'id': '399851432221868033', 'discriminator': '2525', 'avatar': 'a_729e3b01d4c7aa28c78b2e70c4022a46'}, 'roles': ['732625122573287514'], 'premium_since': None, 'nick': None, 'mute': False, 'joined_at': '2020-07-14T15:45:31.213000+00:00', 'hoisted_role': None, 'deaf': False}, 'channel_id': '732623824293724225', 'guild_id': '732623824293724221'}}
2020-08-01 18:46:18,403:DEBUG: Dispatching event socket_response
2020-08-01 18:46:18,404:DEBUG: Dispatching event typing
2020-08-01 18:46:19,121:DEBUG: Dispatching event socket_raw_receive
2020-08-01 18:46:19,121:DEBUG: For Shard ID None: WebSocket Event: {'t': 'PRESENCE_UPDATE', 's': 10, 'op': 0, 'd': {'user': {'id': '656554980114694144'}, 'status': 'idle', 'roles': ['732625122573287514', '734694147025403904'], 'premium_since': None, 'nick': None, 'guild_id': '732623824293724221', 'game': {'type': 0, 'name': 'Всего серверов: 14', 'id': 'ec0b28a579ecb4bd', 'created_at': 1596296781628}, 'client_status': {'web': 'idle'}, 'activities': [{'type': 0, 'name': 'Всего серверов: 14', 'id': 'ec0b28a579ecb4bd', 'created_at': 1596296781628}]}}
2020-08-01 18:46:19,121:DEBUG: Dispatching event socket_response
2020-08-01 18:46:19,121:DEBUG: Dispatching event member_update
2020-08-01 18:46:21,819:DEBUG: Sending "{"op":3,"d":{"game":{"type":0,"name":"\u041c\u043e\u0434\u0435\u0440\u043d\u0438\u0437\u0438\u0440\u0443\u0435\u0442 \u0441\u0432\u043e\u0439 \u043a\u043e\u0434","timestamps":{}},"afk":false,"since":0.0,"status":"online"}}" to change status
2020-08-01 18:46:21,819:DEBUG: Dispatching event socket_raw_send
2020-08-01 18:46:26,502:DEBUG: Dispatching event socket_raw_receive
2020-08-01 18:46:26,502:DEBUG: For Shard ID None: WebSocket Event: {'t': 'MESSAGE_CREATE', 's': 11, 'op': 0, 'd': {'type': 0, 'tts': False, 'timestamp': '2020-08-01T15:46:28.997000+00:00', 'pinned': False, 'nonce': '739147036544204800', 'mentions': [], 'mention_roles': [], 'mention_everyone': False, 'member': {'roles': ['732625122573287514'], 'premium_since': None, 'nick': None, 'mute': False, 'joined_at': '2020-07-14T15:45:31.213000+00:00', 'hoisted_role': None, 'deaf': False}, 'id': '739147048275673251', 'flags': 0, 'embeds': [], 'edited_timestamp': None, 'content': '.prefix /', 'channel_id': '732623824293724225', 'author': {'username': 'xzartsust', 'public_flags': 256, 'id': '399851432221868033', 'discriminator': '2525', 'avatar': 'a_729e3b01d4c7aa28c78b2e70c4022a46'}, 'attachments': [], 'guild_id': '732623824293724221'}}
2020-08-01 18:46:26,506:DEBUG: Dispatching event socket_response
2020-08-01 18:46:26,506:DEBUG: Dispatching event message
2020-08-01 18:46:33,660:DEBUG: Dispatching event socket_raw_receive
2020-08-01 18:46:33,660:DEBUG: For Shard ID None: WebSocket Event: {'t': 'PRESENCE_UPDATE', 's': 12, 'op': 0, 'd': {'user': {'id': '399851432221868033'}, 'status': 'online', 'roles': ['732625122573287514'], 'premium_since': None, 'nick': None, 'guild_id': '732623824293724221', 'game': {'type': 4, 'state': 'The meaning of life Neko Chan...', 'name': 'Custom Status', 'id': 'custom', 'emoji': {'name': 'HoloDrunk', 'id': '675955171674554379', 'animated': False}, 'created_at': 1596290451698}, 'client_status': {'desktop': 'online'}, 'activities': [{'type': 4, 'state': 'The meaning of life Neko Chan...', 'name': 'Custom Status', 'id': 'custom', 'emoji': {'name': 'HoloDrunk', 'id': '675955171674554379', 'animated': False}, 'created_at': 1596290451698}, {'type': 0, 'timestamps': {'start': 1596296451060}, 'state': 'Editing Bot.py', 'party': {'id': '1.4.2'}, 'name': 'PyCharm Community', 'id': '48f0519fe2136b5a', 'details': 'holo_bot', 'created_at': 1596296796115, 'assets': {'small_text': '2020.2', 'small_image': '627852607318261781', 'large_text': 'Python', 'large_image': '573257832871362580'}, 'application_id': '547843314586746880'}]}}
2020-08-01 18:46:33,661:DEBUG: Dispatching event socket_response
2020-08-01 18:46:33,661:DEBUG: Dispatching event member_update
2020-08-01 18:46:34,584:DEBUG: Dispatching event socket_raw_receive
2020-08-01 18:46:34,585:DEBUG: For Shard ID None: WebSocket Event: {'t': 'TYPING_START', 's': 13, 'op': 0, 'd': {'user_id': '399851432221868033', 'timestamp': 1596296797, 'member': {'user': {'username': 'xzartsust', 'public_flags': 256, 'id': '399851432221868033', 'discriminator': '2525', 'avatar': 'a_729e3b01d4c7aa28c78b2e70c4022a46'}, 'roles': ['732625122573287514'], 'premium_since': None, 'nick': None, 'mute': False, 'joined_at': '2020-07-14T15:45:31.213000+00:00', 'hoisted_role': None, 'deaf': False}, 'channel_id': '732623824293724225', 'guild_id': '732623824293724221'}}
2020-08-01 18:46:34,585:DEBUG: Dispatching event socket_response
2020-08-01 18:46:34,585:DEBUG: Dispatching event typing
2020-08-01 18:46:36,821:DEBUG: Sending "{"op":3,"d":{"game":{"type":0,"name":"\u041c\u043e\u0434\u0435\u0440\u043d\u0438\u0437\u0438\u0440\u0443\u0435\u0442 \u0441\u0432\u043e\u0439 \u043a\u043e\u0434","timestamps":{}},"afk":false,"since":0.0,"status":"online"}}" to change status
2020-08-01 18:46:36,821:DEBUG: Dispatching event socket_raw_send
2020-08-01 18:46:37,037:DEBUG: Dispatching event socket_raw_receive
2020-08-01 18:46:37,037:DEBUG: For Shard ID None: WebSocket Event: {'t': 'MESSAGE_CREATE', 's': 14, 'op': 0, 'd': {'type': 0, 'tts': False, 'timestamp': '2020-08-01T15:46:39.553000+00:00', 'pinned': False, 'nonce': '739147080802500608', 'mentions': [], 'mention_roles': [], 'mention_everyone': False, 'member': {'roles': ['732625122573287514'], 'premium_since': None, 'nick': None, 'mute': False, 'joined_at': '2020-07-14T15:45:31.213000+00:00', 'hoisted_role': None, 'deaf': False}, 'id': '739147092550877205', 'flags': 0, 'embeds': [], 'edited_timestamp': None, 'content': '/prefix /', 'channel_id': '732623824293724225', 'author': {'username': 'xzartsust', 'public_flags': 256, 'id': '399851432221868033', 'discriminator': '2525', 'avatar': 'a_729e3b01d4c7aa28c78b2e70c4022a46'}, 'attachments': [], 'guild_id': '732623824293724221'}}
2020-08-01 18:46:37,037:DEBUG: Dispatching event socket_response
2020-08-01 18:46:37,041:DEBUG: Dispatching event message
2020-08-01 18:46:37,041:DEBUG: Dispatching event command
2020-08-01 18:46:37,481:DEBUG: Dispatching event socket_raw_receive
2020-08-01 18:46:37,481:DEBUG: For Shard ID None: WebSocket Event: {'t': 'MESSAGE_CREATE', 's': 15, 'op': 0, 'd': {'type': 0, 'tts': False, 'timestamp': '2020-08-01T15:46:40.024000+00:00', 'pinned': False, 'mentions': [], 'mention_roles': [], 'mention_everyone': False, 'member': {'roles': ['739146902762946590'], 'premium_since': None, 'nick': None, 'mute': False, 'joined_at': '2020-08-01T15:45:54.317813+00:00', 'hoisted_role': None, 'deaf': False}, 'id': '739147094526394448', 'flags': 0, 'embeds': [], 'edited_timestamp': None, 'content': 'Префикс был изменен на /', 'channel_id': '732623824293724225', 'author': {'username': 'Holo', 'public_flags': 0, 'id': '729957701240750140', 'discriminator': '6935', 'bot': True, 'avatar': None}, 'attachments': [], 'guild_id': '732623824293724221'}}
2020-08-01 18:46:37,481:DEBUG: Dispatching event socket_response
2020-08-01 18:46:37,481:DEBUG: Dispatching event message
2020-08-01 18:46:37,541:DEBUG: POST https://discordapp.com/api/v7/channels/732623824293724225/messages with {"content":"\u041f\u0440\u0435\u0444\u0438\u043a\u0441 \u0431\u044b\u043b \u0438\u0437\u043c\u0435\u043d\u0435\u043d \u043d\u0430 /"} has returned 200
2020-08-01 18:46:37,545:DEBUG: POST https://discordapp.com/api/v7/channels/732623824293724225/messages has received {'id': '739147094526394448', 'type': 0, 'content': 'Префикс был изменен на /', 'channel_id': '732623824293724225', 'author': {'id': '729957701240750140', 'username': 'Holo', 'avatar': None, 'discriminator': '6935', 'public_flags': 0, 'bot': True}, 'attachments': [], 'embeds': [], 'mentions': [], 'mention_roles': [], 'pinned': False, 'mention_everyone': False, 'tts': False, 'timestamp': '2020-08-01T15:46:40.024000+00:00', 'edited_timestamp': None, 'flags': 0}
2020-08-01 18:46:37,545:DEBUG: Dispatching event command_completion
2020-08-01 18:46:41,628:DEBUG: Dispatching event socket_raw_receive
2020-08-01 18:46:41,628:DEBUG: For Shard ID None: WebSocket Event: {'t': 'TYPING_START', 's': 16, 'op': 0, 'd': {'user_id': '399851432221868033', 'timestamp': 1596296804, 'member': {'user': {'username': 'xzartsust', 'public_flags': 256, 'id': '399851432221868033', 'discriminator': '2525', 'avatar': 'a_729e3b01d4c7aa28c78b2e70c4022a46'}, 'roles': ['732625122573287514'], 'premium_since': None, 'nick': None, 'mute': False, 'joined_at': '2020-07-14T15:45:31.213000+00:00', 'hoisted_role': None, 'deaf': False}, 'channel_id': '732623824293724225', 'guild_id': '732623824293724221'}}
2020-08-01 18:46:41,628:DEBUG: Dispatching event socket_response
2020-08-01 18:46:41,628:DEBUG: Dispatching event typing
2020-08-01 18:46:41,831:DEBUG: Keeping websocket alive with sequence 16.
2020-08-01 18:46:41,832:DEBUG: Dispatching event socket_raw_send
2020-08-01 18:46:42,055:DEBUG: Dispatching event socket_raw_receive
2020-08-01 18:46:42,055:DEBUG: For Shard ID None: WebSocket Event: {'t': None, 's': None, 'op': 11, 'd': None}
2020-08-01 18:46:42,055:DEBUG: Dispatching event socket_response
2020-08-01 18:46:42,975:DEBUG: Dispatching event socket_raw_receive
2020-08-01 18:46:42,979:DEBUG: For Shard ID None: WebSocket Event: {'t': 'MESSAGE_CREATE', 's': 17, 'op': 0, 'd': {'type': 0, 'tts': False, 'timestamp': '2020-08-01T15:46:45.404000+00:00', 'pinned': False, 'nonce': '739147105699889152', 'mentions': [], 'mention_roles': [], 'mention_everyone': False, 'member': {'roles': ['732625122573287514'], 'premium_since': None, 'nick': None, 'mute': False, 'joined_at': '2020-07-14T15:45:31.213000+00:00', 'hoisted_role': None, 'deaf': False}, 'id': '739147117091618909', 'flags': 0, 'embeds': [], 'edited_timestamp': None, 'content': '/prefix .', 'channel_id': '732623824293724225', 'author': {'username': 'xzartsust', 'public_flags': 256, 'id': '399851432221868033', 'discriminator': '2525', 'avatar': 'a_729e3b01d4c7aa28c78b2e70c4022a46'}, 'attachments': [], 'guild_id': '732623824293724221'}}
2020-08-01 18:46:42,979:DEBUG: Dispatching event socket_response
2020-08-01 18:46:42,979:DEBUG: Dispatching event message
2020-08-01 18:46:42,979:DEBUG: Dispatching event command
2020-08-01 18:46:43,184:DEBUG: Dispatching event socket_raw_receive
2020-08-01 18:46:43,186:DEBUG: For Shard ID None: WebSocket Event: {'t': 'MESSAGE_CREATE', 's': 18, 'op': 0, 'd': {'type': 0, 'tts': False, 'timestamp': '2020-08-01T15:46:45.727000+00:00', 'pinned': False, 'mentions': [], 'mention_roles': [], 'mention_everyone': False, 'member': {'roles': ['739146902762946590'], 'premium_since': None, 'nick': None, 'mute': False, 'joined_at': '2020-08-01T15:45:54.317813+00:00', 'hoisted_role': None, 'deaf': False}, 'id': '739147118446641222', 'flags': 0, 'embeds': [], 'edited_timestamp': None, 'content': 'Префикс был изменен на .', 'channel_id': '732623824293724225', 'author': {'username': 'Holo', 'public_flags': 0, 'id': '729957701240750140', 'discriminator': '6935', 'bot': True, 'avatar': None}, 'attachments': [], 'guild_id': '732623824293724221'}}
2020-08-01 18:46:43,186:DEBUG: Dispatching event socket_response
2020-08-01 18:46:43,186:DEBUG: Dispatching event message
2020-08-01 18:46:43,247:DEBUG: POST https://discordapp.com/api/v7/channels/732623824293724225/messages with {"content":"\u041f\u0440\u0435\u0444\u0438\u043a\u0441 \u0431\u044b\u043b \u0438\u0437\u043c\u0435\u043d\u0435\u043d \u043d\u0430 ."} has returned 200
2020-08-01 18:46:43,251:DEBUG: POST https://discordapp.com/api/v7/channels/732623824293724225/messages has received {'id': '739147118446641222', 'type': 0, 'content': 'Префикс был изменен на .', 'channel_id': '732623824293724225', 'author': {'id': '729957701240750140', 'username': 'Holo', 'avatar': None, 'discriminator': '6935', 'public_flags': 0, 'bot': True}, 'attachments': [], 'embeds': [], 'mentions': [], 'mention_roles': [], 'pinned': False, 'mention_everyone': False, 'tts': False, 'timestamp': '2020-08-01T15:46:45.727000+00:00', 'edited_timestamp': None, 'flags': 0}
2020-08-01 18:46:43,251:DEBUG: Dispatching event command_completion
2020-08-01 18:46:51,836:DEBUG: Sending "{"op":3,"d":{"game":{"type":0,"name":"\u041c\u043e\u0434\u0435\u0440\u043d\u0438\u0437\u0438\u0440\u0443\u0435\u0442 \u0441\u0432\u043e\u0439 \u043a\u043e\u0434","timestamps":{}},"afk":false,"since":0.0,"status":"online"}}" to change status
2020-08-01 18:46:51,836:DEBUG: Dispatching event socket_raw_send
